<?xml version="1.0" encoding="UTF-8"?>
<!-- Generated by org.testng.reporters.JUnitReportReporter -->
<testsuite hostname="ritika" name="src.qa.test.demoTest" tests="4" failures="0" timestamp="8 Sep 2018 15:49:53 GMT" time="0.022" errors="0">
  <testcase name="mul" time="0.002" classname="src.qa.test.demoTest"/>
  <testcase name="div" time="0.017" classname="src.qa.test.demoTest"/>
  <testcase name="sub" time="0.001" classname="src.qa.test.demoTest"/>
  <testcase name="sum" time="0.002" classname="src.qa.test.demoTest"/>
</testsuite> <!-- src.qa.test.demoTest -->
