<?xml version="1.0" encoding="UTF-8"?>
<!-- Generated by org.testng.reporters.JUnitReportReporter -->
<testsuite hostname="ritika" name="src.qa.test.demoTest1" tests="4" failures="0" timestamp="9 Sep 2018 12:35:23 GMT" time="0.001" errors="0">
  <testcase name="sum" time="0.000" classname="src.qa.test.demoTest1"/>
  <testcase name="mul" time="0.000" classname="src.qa.test.demoTest1"/>
  <testcase name="sub" time="0.000" classname="src.qa.test.demoTest1"/>
  <testcase name="div" time="0.001" classname="src.qa.test.demoTest1"/>
</testsuite> <!-- src.qa.test.demoTest1 -->
